<?xml version="1.0" encoding="UTF-8"?>
<!-- Generated by org.testng.reporters.JUnitReportReporter -->
<testsuite skipped="0" hostname="DESKTOP-LT0H2AE" name="com.app.orangehrm.runners.CukesRunner" tests="1" failures="0" timestamp="04 Aug 2019 23:59:33 GMT" time="18.949" errors="0">
  <testcase name="runScenario" time="18.949" classname="com.app.orangehrm.runners.CukesRunner"/>
</testsuite> <!-- com.app.orangehrm.runners.CukesRunner -->
