<?xml version="1.0" encoding="UTF-8"?>
<!-- Generated by org.testng.reporters.JUnitReportReporter -->
<testsuite skipped="0" hostname="DESKTOP-LT0H2AE" name="testngclasses.TestLoginPage" tests="1" failures="0" timestamp="28 Jun 2019 00:04:49 GMT" time="3.588" errors="0">
  <testcase name="login" time="3.588" classname="testngclasses.TestLoginPage"/>
</testsuite> <!-- testngclasses.TestLoginPage -->
