<?xml version="1.0" encoding="UTF-8"?>
<!-- Generated by org.testng.reporters.JUnitReportReporter -->
<testsuite skipped="0" hostname="MYPROPC" name="testngclasses.TestCreateEmployee" tests="1" failures="0" timestamp="27 Jun 2019 00:16:35 GMT" time="53.458" errors="0">
  <testcase name="createEmployee" time="53.458" classname="testngclasses.TestCreateEmployee"/>
</testsuite> <!-- testngclasses.TestCreateEmployee -->
