<?xml version="1.0" encoding="UTF-8"?>
<!-- Generated by org.testng.reporters.JUnitReportReporter -->
<testsuite skipped="0" hostname="MYPROPC" name="com.app.orangehrm.testngclasses.TestCreateEmployee" tests="1" failures="0" timestamp="30 Jun 2019 17:40:36 GMT" time="44.970" errors="0">
  <testcase name="createEmployee" time="44.970" classname="com.app.orangehrm.testngclasses.TestCreateEmployee"/>
</testsuite> <!-- com.app.orangehrm.testngclasses.TestCreateEmployee -->
