<?xml version="1.0" encoding="UTF-8"?>
<!-- Generated by org.testng.reporters.JUnitReportReporter -->
<testsuite skipped="0" hostname="MYPROPC" name="com.app.orangehrm.runners.CukesRunner" tests="1" failures="0" timestamp="27 Oct 2019 20:53:07 GMT" time="31.566" errors="0">
  <testcase name="runScenario" time="31.566" classname="com.app.orangehrm.runners.CukesRunner"/>
</testsuite> <!-- com.app.orangehrm.runners.CukesRunner -->
