<?xml version="1.0" encoding="UTF-8"?>
<!-- Generated by org.testng.reporters.JUnitReportReporter -->
<testsuite hostname="DESKTOP-EIBCB8N" failures="0" tests="1" name="com.app.orangehrm.runners.CukesRunner" time="0.104" errors="0" timestamp="23 Jun 2019 18:09:57 GMT" skipped="1">
  <testcase classname="com.app.orangehrm.runners.CukesRunner" name="runScenario" time="0.104">
    <skipped/>
  </testcase> <!-- runScenario -->
</testsuite> <!-- com.app.orangehrm.runners.CukesRunner -->
