<?xml version="1.0" encoding="UTF-8"?>
<!-- Generated by org.testng.reporters.JUnitReportReporter -->
<testsuite skipped="0" hostname="MYPROPC" name="com.app.orangehrm.testngclasses.TestLoginPage" tests="1" failures="0" timestamp="30 Jun 2019 17:30:40 GMT" time="5.377" errors="0">
  <testcase name="login" time="5.377" classname="com.app.orangehrm.testngclasses.TestLoginPage"/>
</testsuite> <!-- com.app.orangehrm.testngclasses.TestLoginPage -->
