<?xml version="1.0" encoding="UTF-8"?>
<!-- Generated by org.testng.reporters.JUnitReportReporter -->
<testsuite skipped="0" hostname="DESKTOP-LT0H2AE" name="com.app.orangehrm.runners.CukesRunner" tests="1" failures="0" timestamp="25 Jun 2019 17:00:24 GMT" time="8.953" errors="0">
  <testcase name="runScenario" time="8.953" classname="com.app.orangehrm.runners.CukesRunner"/>
</testsuite> <!-- com.app.orangehrm.runners.CukesRunner -->
