<?xml version="1.0" encoding="UTF-8"?>
<!-- Generated by org.testng.reporters.JUnitReportReporter -->
<testsuite skipped="0" hostname="DESKTOP-LT0H2AE" name="com.app.orangehrm.runners.CukesRunner" tests="4" failures="0" timestamp="02 Aug 2019 16:55:41 GMT" time="43.627" errors="0">
  <testcase name="runScenario" time="6.487" classname="com.app.orangehrm.runners.CukesRunner"/>
  <testcase name="runScenario" time="16.627" classname="com.app.orangehrm.runners.CukesRunner"/>
  <testcase name="runScenario" time="10.963" classname="com.app.orangehrm.runners.CukesRunner"/>
  <testcase name="runScenario" time="9.550" classname="com.app.orangehrm.runners.CukesRunner"/>
</testsuite> <!-- com.app.orangehrm.runners.CukesRunner -->
