<?xml version="1.0" encoding="UTF-8"?>
<!-- Generated by org.testng.reporters.JUnitReportReporter -->
<testsuite skipped="0" hostname="DESKTOP-LT0H2AE" name="com.app.orangehrm.runners.SmokeRunner" tests="1" failures="0" timestamp="05 Aug 2019 20:47:15 GMT" time="9.348" errors="0">
  <testcase name="runScenario" time="9.348" classname="com.app.orangehrm.runners.SmokeRunner"/>
</testsuite> <!-- com.app.orangehrm.runners.SmokeRunner -->
