<?xml version="1.0" encoding="UTF-8"?>
<!-- Generated by org.testng.reporters.JUnitReportReporter -->
<testsuite skipped="0" hostname="MYPROPC" name="com.app.orangehrm.runners.CukesRunner" tests="1" failures="0" timestamp="30 Jun 2019 18:24:57 GMT" time="13.010" errors="0">
  <testcase name="runScenario" time="13.010" classname="com.app.orangehrm.runners.CukesRunner"/>
</testsuite> <!-- com.app.orangehrm.runners.CukesRunner -->
