<?xml version="1.0" encoding="UTF-8"?>
<!-- Generated by org.testng.reporters.JUnitReportReporter -->
<testsuite skipped="0" hostname="MYPROPC" name="testngclasses.CreatNewEmp" tests="1" failures="0" timestamp="26 Jun 2019 11:14:06 GMT" time="4.117" errors="0">
  <testcase name="test" time="4.117" classname="testngclasses.CreatNewEmp"/>
</testsuite> <!-- testngclasses.CreatNewEmp -->
