<?xml version="1.0" encoding="UTF-8"?>
<!-- Generated by org.testng.reporters.JUnitReportReporter -->
<testsuite skipped="0" hostname="DESKTOP-LT0H2AE" name="com.app.orangehrm.testngclasses.TestCreateEmployee" tests="1" failures="0" timestamp="28 Jun 2019 00:46:01 GMT" time="45.035" errors="0">
  <testcase name="createEmployee" time="45.035" classname="com.app.orangehrm.testngclasses.TestCreateEmployee"/>
</testsuite> <!-- com.app.orangehrm.testngclasses.TestCreateEmployee -->
