<?xml version="1.0" encoding="UTF-8"?>
<!-- Generated by org.testng.reporters.JUnitReportReporter -->
<testsuite skipped="0" hostname="DESKTOP-LT0H2AE" name="com.app.orangehrm.runners.CukesRunner" tests="3" failures="0" timestamp="29 Jul 2019 22:29:26 GMT" time="29.911" errors="0">
  <testcase name="runScenario" time="11.581" classname="com.app.orangehrm.runners.CukesRunner"/>
  <testcase name="runScenario" time="10.667" classname="com.app.orangehrm.runners.CukesRunner"/>
  <testcase name="runScenario" time="7.663" classname="com.app.orangehrm.runners.CukesRunner"/>
</testsuite> <!-- com.app.orangehrm.runners.CukesRunner -->
