<?xml version="1.0" encoding="UTF-8"?>
<!-- Generated by org.testng.reporters.JUnitReportReporter -->
<testsuite skipped="0" hostname="MYPROPC" name="testngclasses.TestLoginPage" tests="1" failures="0" timestamp="26 Jun 2019 12:34:47 GMT" time="0.237" errors="0">
  <testcase name="login" time="0.237" classname="testngclasses.TestLoginPage"/>
</testsuite> <!-- testngclasses.TestLoginPage -->
